2024-07-03T09:34:53 | touched: scripts/interact.js
2026-01-06T06:20:47 | touched: README.md
2024-08-14T00:51:18 | touched: scripts/deploy.js
2026-01-11T05:26:38 | touched: .env.example
2024-07-28T02:46:07 | touched: scripts/deploy.js
2024-05-25T13:33:13 | touched: scripts/api-server.js
2024-01-18T13:27:31 | touched: scripts/deploy.js
2025-11-04T01:44:58 | touched: scripts/deploy.js
2024-11-10T05:12:19 | touched: scripts/frontend-integration.js
2024-12-21T07:38:56 | touched: scripts/interact.js
2026-01-01T13:03:13 | touched: scripts/cli.js
2025-12-18T14:49:30 | touched: README.md
2024-07-05T19:35:45 | touched: README.md
2025-06-21T01:07:24 | touched: scripts/api-server.js
2024-11-19T22:17:15 | touched: hardhat.config.js
2024-12-06T19:42:01 | touched: scripts/deploy.js
2026-01-10T03:58:53 | touched: scripts/deploy.js
2025-08-22T17:19:58 | touched: README.md
2025-11-07T06:10:51 | touched: scripts/interact.js
2024-04-09T20:50:37 | touched: LICENSE
2024-10-31T11:29:52 | touched: scripts/api-server.js
2024-06-17T06:32:46 | touched: scripts/cli.js
2025-01-07T00:55:30 | touched: test/Bitsquaremarket.test.js
2025-02-23T16:52:53 | touched: scripts/cli.js
2025-07-31T23:48:28 | touched: README.md
2025-10-31T02:45:15 | touched: scripts/frontend-integration.js
2025-12-04T15:25:08 | touched: scripts/interact.js
2025-12-29T00:00:03 | touched: contracts/Bitsquaremarket.sol
2025-01-12T09:20:09 | touched: hardhat.config.js
2025-08-01T01:56:08 | touched: package.json
2025-10-21T06:48:27 | touched: contracts/Bitsquaremarket.sol
2025-02-25T00:20:15 | touched: LICENSE
2025-10-15T18:54:50 | touched: scripts/frontend-integration.js
2025-09-21T01:40:08 | touched: LICENSE
2025-07-05T15:37:59 | touched: .env.example
2025-09-14T12:45:22 | touched: LICENSE
2025-11-26T20:04:22 | touched: scripts/interact.js
2025-12-30T22:24:32 | touched: package.json
2025-11-19T17:14:09 | touched: LICENSE
2025-02-03T02:12:34 | touched: scripts/frontend-integration.js
2025-09-19T11:41:49 | touched: scripts/api-server.js
2025-05-12T21:55:20 | touched: scripts/cli.js
2025-01-07T12:41:04 | touched: test/Bitsquaremarket.test.js
2025-11-05T07:56:17 | touched: scripts/cli.js
2025-03-25T20:04:35 | touched: package.json
2025-05-25T09:32:42 | touched: package.json
2025-05-29T16:07:49 | touched: README.md
